<?xml version="1.0" encoding="UTF-8"?>
<!-- Generated by org.testng.reporters.JUnitXMLReporter -->
<testsuite hostname="FZTVL1S" name="TestLogin" tests="1" failures="1" timestamp="24 Feb 2017 10:44:32 GMT" time="435.579" errors="0">
  <testcase name="checkVisibilityOfRCGraphs" time="284.441" classname="com.rsg.RC_Check.ConversionTest">
    <failure type="java.lang.NullPointerException">
      <![CDATA[java.lang.NullPointerException
	at com.rsg.RC_Check.ConversionTest.checkVisibilityOfRCGraphs(ConversionTest.java:60)
... Removed 24 stack frames]]>
    </failure>
  </testcase> <!-- checkVisibilityOfRCGraphs -->
</testsuite> <!-- TestLogin -->
