<?xml version="1.0" encoding="UTF-8"?>
<testng-results skipped="0" failed="0" total="1" passed="1">
  <reporter-output>
  </reporter-output>
  <suite name="Default suite" duration-ms="57980" started-at="2017-02-22T10:07:50Z" finished-at="2017-02-22T10:08:48Z">
    <groups>
    </groups>
    <test name="Default test" duration-ms="57980" started-at="2017-02-22T10:07:50Z" finished-at="2017-02-22T10:08:48Z">
      <class name="com.rsg.RC_Check.HomePageAndReachAnalysisTest">
        <test-method status="PASS" signature="setUP()[pri:0, instance:com.rsg.RC_Check.HomePageAndReachAnalysisTest@d25987]" name="setUP" is-config="true" duration-ms="26388" started-at="2017-02-22T15:37:50Z" finished-at="2017-02-22T15:38:16Z">
          <reporter-output>
          </reporter-output>
        </test-method> <!-- setUP -->
        <test-method status="PASS" signature="checkSpotOnHomePage()[pri:0, instance:com.rsg.RC_Check.HomePageAndReachAnalysisTest@d25987]" name="checkSpotOnHomePage" duration-ms="31535" started-at="2017-02-22T15:38:16Z" finished-at="2017-02-22T15:38:48Z">
          <reporter-output>
          </reporter-output>
        </test-method> <!-- checkSpotOnHomePage -->
      </class> <!-- com.rsg.RC_Check.HomePageAndReachAnalysisTest -->
    </test> <!-- Default test -->
  </suite> <!-- Default suite -->
</testng-results>
