<?xml version="1.0" encoding="UTF-8"?>
<testng-results skipped="0" failed="1" total="2" passed="1">
  <reporter-output>
  </reporter-output>
  <suite name="RSG" duration-ms="1206203" started-at="2017-02-24T10:37:16Z" finished-at="2017-02-24T10:57:23Z">
    <groups>
    </groups>
    <test name="TestLogin" duration-ms="435579" started-at="2017-02-24T10:37:16Z" finished-at="2017-02-24T10:44:32Z">
      <class name="com.rsg.RC_Check.ConversionTest">
        <test-method status="PASS" signature="setUP()[pri:0, instance:com.rsg.RC_Check.ConversionTest@397ed7]" name="setUP" is-config="true" duration-ms="139373" started-at="2017-02-24T16:07:17Z" finished-at="2017-02-24T16:09:36Z">
          <reporter-output>
          </reporter-output>
        </test-method> <!-- setUP -->
        <test-method status="FAIL" signature="checkVisibilityOfRCGraphs()[pri:0, instance:com.rsg.RC_Check.ConversionTest@397ed7]" name="checkVisibilityOfRCGraphs" duration-ms="284441" started-at="2017-02-24T16:09:36Z" finished-at="2017-02-24T16:14:21Z">
          <exception class="java.lang.NullPointerException">
            <full-stacktrace>
              <![CDATA[java.lang.NullPointerException
	at com.rsg.RC_Check.ConversionTest.checkVisibilityOfRCGraphs(ConversionTest.java:60)
	at sun.reflect.NativeMethodAccessorImpl.invoke0(Native Method)
	at sun.reflect.NativeMethodAccessorImpl.invoke(Unknown Source)
	at sun.reflect.DelegatingMethodAccessorImpl.invoke(Unknown Source)
	at java.lang.reflect.Method.invoke(Unknown Source)
	at org.testng.internal.MethodInvocationHelper.invokeMethod(MethodInvocationHelper.java:86)
	at org.testng.internal.Invoker.invokeMethod(Invoker.java:643)
	at org.testng.internal.Invoker.invokeTestMethod(Invoker.java:820)
	at org.testng.internal.Invoker.invokeTestMethods(Invoker.java:1128)
	at org.testng.internal.TestMethodWorker.invokeTestMethods(TestMethodWorker.java:129)
	at org.testng.internal.TestMethodWorker.run(TestMethodWorker.java:112)
	at org.testng.TestRunner.privateRun(TestRunner.java:782)
	at org.testng.TestRunner.run(TestRunner.java:632)
	at org.testng.SuiteRunner.runTest(SuiteRunner.java:366)
	at org.testng.SuiteRunner.runSequentially(SuiteRunner.java:361)
	at org.testng.SuiteRunner.privateRun(SuiteRunner.java:319)
	at org.testng.SuiteRunner.run(SuiteRunner.java:268)
	at org.testng.SuiteRunnerWorker.runSuite(SuiteRunnerWorker.java:52)
	at org.testng.SuiteRunnerWorker.run(SuiteRunnerWorker.java:86)
	at org.testng.TestNG.runSuitesSequentially(TestNG.java:1244)
	at org.testng.TestNG.runSuitesLocally(TestNG.java:1169)
	at org.testng.TestNG.run(TestNG.java:1064)
	at org.testng.remote.AbstractRemoteTestNG.run(AbstractRemoteTestNG.java:126)
	at org.testng.remote.RemoteTestNG.initAndRun(RemoteTestNG.java:152)
	at org.testng.remote.RemoteTestNG.main(RemoteTestNG.java:57)
]]>
            </full-stacktrace>
          </exception> <!-- java.lang.NullPointerException -->
          <reporter-output>
          </reporter-output>
        </test-method> <!-- checkVisibilityOfRCGraphs -->
        <test-method status="PASS" signature="tearDown()[pri:0, instance:com.rsg.RC_Check.ConversionTest@397ed7]" name="tearDown" is-config="true" duration-ms="11236" started-at="2017-02-24T16:14:21Z" finished-at="2017-02-24T16:14:32Z">
          <reporter-output>
          </reporter-output>
        </test-method> <!-- tearDown -->
      </class> <!-- com.rsg.RC_Check.ConversionTest -->
    </test> <!-- TestLogin -->
    <test name="TestHomePage" duration-ms="770349" started-at="2017-02-24T10:44:32Z" finished-at="2017-02-24T10:57:23Z">
      <class name="com.rsg.RC_Check.HomePageAndReachAnalysisTest">
        <test-method status="PASS" signature="setUP()[pri:0, instance:com.rsg.RC_Check.HomePageAndReachAnalysisTest@bfbc86]" name="setUP" is-config="true" duration-ms="110661" started-at="2017-02-24T16:14:32Z" finished-at="2017-02-24T16:16:23Z">
          <reporter-output>
          </reporter-output>
        </test-method> <!-- setUP -->
        <test-method status="PASS" signature="checkSpotOnHomePage()[pri:0, instance:com.rsg.RC_Check.HomePageAndReachAnalysisTest@bfbc86]" name="checkSpotOnHomePage" duration-ms="659546" started-at="2017-02-24T16:16:23Z" finished-at="2017-02-24T16:27:22Z">
          <reporter-output>
          </reporter-output>
        </test-method> <!-- checkSpotOnHomePage -->
      </class> <!-- com.rsg.RC_Check.HomePageAndReachAnalysisTest -->
    </test> <!-- TestHomePage -->
  </suite> <!-- RSG -->
</testng-results>
